[   0.00000] Linux version 4.15.0-45-generic (buildd@lgw01-amd64-031) (gcc version 7.3.0 (Ubuntu 7.3.0-16ubuntu3)) #48-Ubuntu SMP Tue Jan 29 16:28:13 UTC 2019 (Ubuntu 4.15.0-45.48-geeric 41518)[    0000000] Command line: BOOT_IMAGE=/boot/vmlinuz-4.15.0-45-generic root=UUID=af1a459d-5029-4583-bf7a-f69ffeff945b ro console=tty1 console=ttyS0
[    0.000000] KERNEL supported cpus:
[    0.000000]   Intel GenuineIntel
[    0.000000]   AMD AuthenticAMD
[  0.00000]  Cenau CentarHuls
[   0.00000] x86/fu: Supporting XSAVE feature 0x001: 'x87 floating point registers'
[    0.00000 x86/fu: Supporting XSAVE feature 0x002: 'SSE registers'
[    0.000000] x86/fpu: Supporting XSAVE feature 0x004: 'AVX registers'
[    0.000000] x86/fpu: xstate_offset[2]:  576, xstte_sze[2]:  25
    0.0000] x8/fu: Enale xste features 0x7 cntext ize is 832 bytes, using 'standard' format.
[    0.000000] e820: BIOS-provided physical RAM map:
[    0.000000] BIOS-e820: [mem 0x0000000000000000-0x000000000009fbff] usable
[    0.000000] BIOS-e820: [mem 0x000000000009fc00-0x000000000009ffff] reserved
[    0.000000] BIOS-e820: [mem 0x00000000000f0000-0x0000000000fffff] reserved
[    0.000000] BIOS-e820: [mem 0x00000000100000-0x0000003fffff] usale
[    000000] BOSe820: mem 0x000000003fff0000-0x000000003fffffff] ACPI dat
[   0.00000] BIS-e820: [mem 0x00000000fec00000-0x00000000fec00fff] resrvd
[   0000000] IO-e820:[mm 0x000000fee0000-x0000000fee00fff] reserved
[    0.000000] BIOS-e820: [mem 0x00000000fffc0000-0x00000000ffffffff] reserved
[    0.000000] X (Execute Disable) proection: activ
[    0.000000] SMBSS 25 resent
    0.00000 DMI: innotek Gmb VirualBox/VirualBox, BIOS VirtulBox 12/01/2006
[    0.000000] Hypervisor detected: KVM
[    0.000000 e82: last_fn = 03ff0 max_arch_pfn = 0x400000000
[    0.000000] MTRR: Disabled
[    0.000000] x86/PAT: MTRRs disabled, skipping PAT initialization too.
[    0.000000] CPU MTRRs all blank - virtualize sstem.
[    0.000000] x86/PAT: Configuration [0-7]: WB  WT  UC- UC  WB  WT  UC- UC  
[    0.000000] found SMP MP-table at [mem 0x0009fff0-0x0009ffff] mapped at [        (ptrval)]
[    0.000000] Scanning 1 areas for lo mmory corupion
[   0.000000] RAMDISK: [mem 0x359d3000-0x36ce0fff]
[    0.000000] ACPI: Early table checksum verification disabled
[    0.000000] ACPI: RSDP 0x00000000000E0000 000024 (v02 VBOX  )
[    0.00000] ACPI: XSDT 0x000000003FFF003 0003C (01VBOX   VBOXXSDT 00000001 ASL  00000061)
[    0.000000] ACPI: FACP 0x000000003FFF00F0 0000F4 (v04 VBOX   VBOXFACP 00000001 ASL  00000061)
[    0.000000] ACPI: DSDT 0x0000000FFF0470 0021FF (v02 VBOX   VBOXBIOS 00000002 INTL 20180105)
[    0.000000] ACPI: FACS 0x000000003FFF0200 000040
[    0.000000] ACPI: FACS 0x000000003FFF0200 000040
[    0.000000] ACPI: APIC 0x000000003FFF0240 00005C (v02 VBOX   VBOXAPIC 00000001 ASL  00000061)
[    0.000000] ACPI: SSDT 0x000000003FFF02A0 0001CC (v01 VBOX   VBOXCPUT 00000002 INTL 20180105)
[    0.000000] No NUMA configuration found
[    0.000000] aking a node at [mem 0x0000000000000000-0x000000003ffeffff]
    0.000000] NODE_DATA(0) allocated [mem 0x3ffc5000-0x3ffeffff]
[    0.000000] kvm-clock: cpu 0, msr 0:3ff44001, primary cpu clock
[    0.000000] kvm-clock: Using msrs 4b564d01 and 4b564d00
[    0.000000] kvm-clock: using sched offset of 4656572561 cycls
[    0.000000] clocksource: kvm-clock: mask: 0xffffffffffffffff max_cycls: 0x1cd4e4dffb, max_idle_ns: 881590591483 ns
[    .000000] Zone ranges:
[    0.000000]   DMA      [mem 0x0000000000001000-0x0000000000ffffff]
[    0.000000]   DMA32    [mem 0x0000000001000000-0x000000003ffeffff]
[    0.000000]   Normal   empty
[    0.000000]   Device   empty
[    0.000000] Movablzone start for each node
[    0.000000] Early memory node ranges
[    0.000000]   node   0: [mem 0x0000000000001000-0x000000000009efff]
[    0.000000]   node   0: [mem 0x0000000000100000-0x000000003ffeffff]
[    0.000000] Reserved but unavailable: 114 pages
[    0.000000] Initmem setup node 0 [mem 0x0000000000001000-0x000000003ffeffff]
[    0.000000] ACPI: PM-Timer IO Port: 0x4008
[    0.000000] IOAPIC[0]: apic_id 2, version 32, address 0xfec00000, GSI 0-23
[    0.000000] ACPI: INT_SRC_OVR (bus 0 bus_irq 0 global_irq 2 dfl dfl)
[    0.000000] ACPI: INT_SRC_OVR (bus 0 bus_irq 9 global_irq 9 low level)
[    0.000000] Using ACPI (MADT) for SMP cnfguation information
[    0.000000] smpboot: Allowing 2 CPUs, 0 hotplug PUs
[    0.000000] PM: Registered nosave memory: [mem 0x00000000-0x0000fff]
[    0.000000] PM: Registeed nosave memory: [mem 0x0009f000-0x0009ffff]
[    0.000000] PM: Registered nosave memory: [mem 0x000a0000-0x000effff]
[    0.000000] PM: Registered nosave memory: [mem 0x000f0000-0x000fffff]
[    0.000000] e820: [mem 0x40000000-0xfebfffff] available for PCI devices
[    0.000000 Booti paravrtualized kernel on KVM
[    0.000000] clocksource: refined-jiffies: mask: 0xffffffff max_cycles: 0xffffffff, max_idle_ns: 7645519600211568 ns
[    0.000000] random: get_random_bytes called from start_kernel+0x99/0x4fd with crng_init=0
[    0.000000] setup_percpu: NR_CPUS:892 nr_cpumask_bits:2 nr_cpu_ids:2 nr_node_ids:1
[    0.000000] percu: Embedde 46 pages/cpu @        (ptrval) s151552 r8192 d28672 u1048576
[    0.000000] PV qspinlock hash table entries: 256 (order: 0, 4096 bytes)
[    0.000000] Built 1 zonelists, mobility grouping on.  Total pages: 257913
[   0000000] Policy zone: DMA32
[    0.0000] Kernel command line: BOOT_IMAGE=/boot/vmlinuz-4.15.0-45-generic root=UUID=af1a459d-5029-4583-bf7a-f69ffeff945b ro console=tty1 console=ttyS0
[    0.000000] Memory: 983072K/1048120K available (12300K kernel code,243K rwdata, 4252K rodata, 2408K init, 2416K bss, 65048K reserved, 0K cma-reserved)
[    0.000000] SLUB: HWalign=64, Order=0-3, MinObject=0, CPUs=2 Nodes=1
[    0.000000] ftrace: allocating 39194 entries in 154 pages
[    0.004000] Hierarchical RCU mplementation.
[    0.004000] 	RCU restricting CPUs from NR_CPUS=8192 to nr_cpu_ids=2.
[    0.004000] 	Tasks RCU enabled.
[    0.004000] RCU: Adjusting geometry for rcu_fanout_leaf=16, nr_cpu_ids=2
[    0.004000] NR_IRQS: 524544, nr_irqs: 440, preallocated irqs: 16
[    0.004000] Console: colour VGA+ 80x25
[    0.004000] console [tty1] enabled
[   0.004000] console [ttyS0] enabled
[    0.004000] ACPI: Corerevision 20170831
[   0.004000] ACPI: 2 ACPI AML tables successfully acquired and loaded
[   0.004000] APIC: Switch to symmetric I/O mode setup
[    0.004431] x2apic enabled
[    0.008016] Switched APIC routing to physical x2apic.
[    0.016533] ..TIMER: vector=0x30 apic1=0 pin1=2 apic2=-1 pin2=-1
[    0.020013] tsc: Detected 2994.378 MHz processor
[    0.024023] tsc: Marking TSC unstable due to TSCs unsynchronized
[    0.028011] Calibrating delay loop (skipped) preset value.. 5988.75 BogoMIPS (lpj=11977512)
[    0.032097] pid_max: default: 32768 minimum: 301
[    0.036174] Security Framework initialized
[    0.040015] Yama: becoming mindful.
[    0.044076] AppArmor: AppArmor initialized
[    0.049278] Dentry cache hash table entries: 131072 (order: 8, 1048576 bytes)
[    0.052171] Inode-cache hash table entries: 65536 (order: 7, 524288 bytes)
[    0.056056] Mount-cache hash table entries: 2048 (order: 2, 16384 bytes)
[    0.060031] Mountpoint-cache hash table entries: 2048 (order: 2, 16384 bytes)
[    0.064385] mce: CPU supports 0 MCE banks
[    0.068035] Last level iTLB entries: 4KB 512, 2MB 1024, 4MB 512
[    0.072013] Last level dTLB entries: 4KB 1024, 2MB 1024, 4MB 512, 1GB 0
[    0.072970] Spectre V2 : Spectre mitigation: LFENCE not serializing, switching to generic retpoline
[    0.076012] Spectre V2 : Mitigation: Full generic retpoline
[    0.080013] Spectre V2 : Spectre v2 / SpectreRSB mitigation: Filling RSB on context switch
[    0.084013] Speculative Store Bypass: Mitigation: Speculative Store Bypass disabled via prctl and seccomp
[    0.086739] Freeing SMP alternatives memory: 36K
[    0.092000] smpboot: CPU0: AMD A9-9420 RADEON R5, 5 COMPUTE CORES 2C+3G (family: 0x15, model: 0x70, stepping: 0x0)
[    0.092150] Performance Events: PMU not available due to virtualization, using software events only.
[    0.096122] Hierarchical SRCU implementation.
[    0.100871] NMI watchdog: Perf event create on CPU 0 failed with -2
[    0.104013] NMI watchdog: Perf NMI watchdog permanently disabled
[    0.108149] smp: Bringing up secondary CPUs ...
[    0.112216] x86: Booting SMP configuration:
[    0.116025] .... node  #0, CPUs:      #1
[    0.004000] kvm-clock: cpu 1, msr 0:3ff44041, secondary cpu clock
[    0.004000] mce: CPU supports 0 MCE banks
[    0.144012] smp: Brought up 1 node, 2 CPUs
[    0.148023] smpboot: Max logical packages: 1
[    0.149653] smpboot: Total of 2 processors activated (11977.51 BogoMIPS)
[    0.152265] devtmpfs: initialized
[    0.164161] x86/mm: Memory block size: 128MB
[    0.168270] evm: security.selinux
[    0.172014] evm: security.SMACK64
[    0.188010] evm: security.SMACK64EXEC
[    0.192015] evm: security.SMACK64TRANSMUTE
[    0.192760] evm: security.SMACK64MMAP
[    0.196008] evm: security.apparmor
[    0.196631] evm: security.ima
[    0.208009] evm: security.capability
[    0.217010] clocksource: jiffies: mask: 0xffffffff max_cycles: 0xffffffff, max_idle_ns: 7645041785100000 ns
[    0.244030] futex hash table entries: 512 (order: 3, 32768 bytes)
[    0.248141] pinctrl core: initialized pinctrl subsystem
[    0.252251] RTC time: 16:07:00, date: 03/02/19
[    0.256438] NET: Registered protocol family 16
[    0.268165] audit: initializing netlink subsys (disabled)
[    0.280058] audit: type=2000 audit(1551542822.252:1): state=initialized audit_enabled=0 res=1
[    0.292014] cpuidle: using governor ladder
[    0.308063] cpuidle: using governor menu
[    0.316214] ACPI: bus type PCI registered
[    0.320017] acpiphp: ACPI Hot Plug PCI Controller Driver version: 0.5
[    0.324224] PCI: Using configuration type 1 for base access
[    0.328013] PCI: Using configuration type 1 for extended access
[    0.344202] HugeTLB registered 2.00 MiB page size, pre-allocated 0 pages
[    0.348271] ACPI: Added _OSI(Module Device)
[    0.352052] ACPI: Added _OSI(Processor Device)
[    0.356012] ACPI: Added _OSI(3.0 _SCP Extensions)
[    0.360041] ACPI: Added _OSI(Processor Aggregator Device)
[    0.364031] ACPI: Added _OSI(Linux-Dell-Video)
[    0.366087] ACPI: Added _OSI(Linux-Lenovo-NV-HDMI-Audio)
[    0.368045] ACPI: Added _OSI(Linux-HPI-Hybrid-Graphics)
[    0.372405] ACPI: Executed 1 blocks of module-level executable AML code
[    0.386146] ACPI: Interpreter enabled
[    0.387869] ACPI: (supports S0 S5)
[    0.388016] ACPI: Using IOAPIC for interrupt routing
[    0.392802] PCI: Using host bridge windows from ACPI; if necessary, use "pci=nocrs" and report a bug
[    0.396286] ACPI: Enabled 2 GPEs in block 00 to 07
[    0.407462] ACPI: PCI Root Bridge [PCI0] (domain 0000 [bus 00-ff])
[    0.408052] acpi PNP0A03:00: _OSC: OS supports [ExtendedConfig ASPM ClockPM Segments MSI]
[    0.412146] acpi PNP0A03:00: _OSC: OS now controls [PCIeHotplug PME AER PCIeCapability]
[    0.416526] PCI host bridge to bus 0000:00
[    0.420021] pci_bus 0000:00: root bus resource [io  0x0000-0x0cf7 window]
[    0.424022] pci_bus 0000:00: root bus resource [io  0x0d00-0xffff window]
[    0.428028] pci_bus 0000:00: root bus resource [mem 0x000a0000-0x000bffff window]
[    0.432029] pci_bus 0000:00: root bus resource [mem 0x40000000-0xfdffffff window]
[    0.436019] pci_bus 0000:00: root bus resource [bus 00-ff]
[    0.445682] pci 0000:00:01.1: legacy IDE quirk: reg 0x10: [io  0x01f0-0x01f7]
[    0.448020] pci 0000:00:01.1: legacy IDE quirk: reg 0x14: [io  0x03f6]
[    0.452019] pci 0000:00:01.1: legacy IDE quirk: reg 0x18: [io  0x0170-0x0177]
[    0.464028] pci 0000:00:01.1: legacy IDE quirk: reg 0x1c: [io  0x0376]
[    0.513750] pci 0000:00:07.0: quirk: [io  0x4000-0x403f] claimed by PIIX4 ACPI
[    0.520048] pci 0000:00:07.0: quirk: [io  0x4100-0x410f] claimed by PIIX4 SMB
[    0.538534] ACPI: PCI Interrupt Link [LNKA] (IRQs 5 9 10 *11)
[    0.556498] ACPI: PCI Interrupt Link [LNKB] (IRQs 5 9 *10 11)
[    0.564213] ACPI: PCI Interrupt Link [LNKC] (IRQs 5 *9 10 11)
[    0.580272] ACPI: PCI Interrupt Link [LNKD] (IRQs 5 9 10 *11)
[    0.584967] SCSI subsystem initialized
[    0.592059] pci 0000:00:02.0: vgaarb: setting as boot VGA device
[    0.596000] pci 0000:00:02.0: vgaarb: VGA device added: decodes=io+mem,owns=io+mem,locks=none
[    0.604019] pci 0000:00:02.0: vgaarb: bridge control possible
[    0.608014] vgaarb: loaded
[    0.609160] ACPI: bus type USB registered
[    0.612055] usbcore: registered new interface driver usbfs
[    0.616059] usbcore: registered new interface driver hub
[    0.620135] usbcore: registered new device driver usb
[    0.624194] EDAC MC: Ver: 3.0.0
[    0.628101] PCI: Using ACPI for IRQ routing
[    0.632429] NetLabel: Initializing
[    0.633645] NetLabel:  domain hash size = 128
[    0.636015] NetLabel:  protocols = UNLABELED CIPSOv4 CALIPSO
[    0.640079] NetLabel:  unlabeled traffic allowed by default
[    0.650315] clocksource: Switched to clocksource kvm-clock
[    0.708561] VFS: Disk quotas dquot_6.6.0
[    0.710319] VFS: Dquot-cache hash table entries: 512 (order 0, 4096 bytes)
[    0.722209] AppArmor: AppArmor Filesystem Enabled
[    0.725044] pnp: PnP ACPI init
[    0.732222] pnp: PnP ACPI: found 3 devices
[    0.771367] clocksource: acpi_pm: mask: 0xffffff max_cycles: 0xffffff, max_idle_ns: 2085701024 ns
[    0.790187] NET: Registered protocol family 2
[    0.884319] TCP established hash table entries: 8192 (order: 4, 65536 bytes)
[    0.951688] TCP bind hash table entries: 8192 (order: 5, 131072 bytes)
[    0.962827] TCP: Hash tables configured (established 8192 bind 8192)
[    0.966508] UDP hash table entries: 512 (order: 2, 16384 bytes)
[    0.981665] UDP-Lite hash table entries: 512 (order: 2, 16384 bytes)
[    0.986619] NET: Registered protocol family 1
[    0.992052] pci 0000:00:00.0: Limiting direct PCI/PCI transfers
[    1.017379] pci 0000:00:01.0: Activating ISA DMA hang workarounds
[    1.023428] pci 0000:00:02.0: Video device with shadowed ROM at [mem 0x000c0000-0x000dffff]
[    1.027860] Unpacking initramfs...
[    1.940562] Freeing initrd memory: 19512K
[    1.995325] clocksource: tsc: mask: 0xffffffffffffffff max_cycles: 0x2b2986a21ef, max_idle_ns: 440795289726 ns
[    2.011392] platform rtc_cmos: registered platform RTC device (no PNP device found)
[    2.011437] Scanning for low memory corruption every 60 seconds
[    2.012532] Initialise system trusted keyrings
[    2.012548] Key type blacklist registered
[    2.012607] workingset: timestamp_bits=36 max_order=18 bucket_order=0
[    2.014730] zbud: loaded
[    2.015729] squashfs: version 4.0 (2009/01/31) Phillip Lougher
[    2.019921] fuse init (API version 7.26)
[    2.024686] Key type asymmetric registered
[    2.024688] Asymmetric key parser 'x509' registered
[    2.024858] Block layer SCSI generic (bsg) driver version 0.4 loaded (major 246)
[    2.025169] io scheduler noop registered
[    2.025171] io scheduler deadline registered
[    2.025280] io scheduler cfq registered (default)
[    2.082681] ACPI: AC Adapter [AC] (on-line)
[    2.089522] input: Power Button as /devices/LNXSYSTM:00/LNXPWRBN:00/input/input0
[    2.119692] ACPI: Power Button [PWRF]
[    2.128263] input: Sleep Button as /devices/LNXSYSTM:00/LNXSLPBN:00/input/input1
[    2.146112] ACPI: Sleep Button [SLPF]
[    2.153321] Serial: 8250/16550 driver, 32 ports, IRQ sharing enabled
[    2.155409] ACPI: Battery Slot [BAT0] (battery present)
[    2.210771] 00:02: ttyS0 at I/O 0x3f8 (irq = 4, base_baud = 115200) is a 16550A
[    2.235796] Linux agpgart interface v0.103
[    2.250403] loop: module loaded
[    2.254076] scsi host0: ata_piix
[    2.262138] scsi host1: ata_piix
[    2.263672] ata1: PATA max UDMA/33 cmd 0x1f0 ctl 0x3f6 bmdma 0xd000 irq 14
[    2.269104] ata2: PATA max UDMA/33 cmd 0x170 ctl 0x376 bmdma 0xd008 irq 15
[    2.279001] libphy: Fixed MDIO Bus: probed
[    2.282310] tun: Universal TUN/TAP device driver, 1.6
[    2.293624] PPP generic driver version 2.4.2
[    2.297097] ehci_hcd: USB 2.0 'Enhanced' Host Controller (EHCI) Driver
[    2.301748] ehci-pci: EHCI PCI platform driver
[    2.304307] ehci-platform: EHCI generic platform driver
[    2.306878] ohci_hcd: USB 1.1 'Open' Host Controller (OHCI) Driver
[    2.313889] ohci-pci: OHCI PCI platform driver
[    2.316970] ohci-platform: OHCI generic platform driver
[    2.323255] uhci_hcd: USB Universal Host Controller Interface driver
[    2.326711] i8042: PNP: PS/2 Controller [PNP0303:PS2K,PNP0f03:PS2M] at 0x60,0x64 irq 1,12
[    2.342237] serio: i8042 KBD port at 0x60,0x64 irq 1
[    2.347642] serio: i8042 AUX port at 0x60,0x64 irq 12
[    2.354210] mousedev: PS/2 mouse device common for all mice
[    2.362742] input: AT Translated Set 2 keyboard as /devices/platform/i8042/serio0/input/input2
[    2.364602] rtc_cmos rtc_cmos: rtc core: registered rtc_cmos as rtc0
[    2.364985] rtc_cmos rtc_cmos: alarms up to one day, 114 bytes nvram
[    2.365018] i2c /dev entries driver
[    2.365041] pcie_mp2_amd: AMD(R) PCI-E MP2 Communication Driver Version: 1.0
[    2.365205] device-mapper: uevent: version 1.0.3
[    2.365363] device-mapper: ioctl: 4.37.0-ioctl (2017-09-20) initialised: dm-devel@redhat.com
[    2.394709] ledtrig-cpu: registered to indicate activity on CPUs
[    2.408701] NET: Registered protocol family 10
[    2.442276] Segment Routing with IPv6
[    2.445205] NET: Registered protocol family 17
[    2.448216] Key type dns_resolver registered
[    2.451356] RAS: Correctable Errors collector initialized.
[    2.454651] sched_clock: Marking stable (2454523698, 0)->(7420599769, -4966076071)
[    2.463437] registered taskstats version 1
[    2.466061] Loading compiled-in X.509 certificates
[    2.477486] Loaded X.509 cert 'Build time autogenerated kernel key: e3b8f44ffaaceef3e3a84cfaebd8e5a9acebeaad'
[    2.481992] zswap: loaded using pool lzo/zbud
[    2.505914] Key type big_key registered
[    2.509547] Key type trusted registered
[    2.518126] Key type encrypted registered
[    2.520776] AppArmor: AppArmor sha1 policy hashing enabled
[    2.523077] ima: No TPM chip found, activating TPM-bypass! (rc=-19)
[    2.526668] ima: Allocated hash algorithm: sha1
[    2.529157] evm: HMAC attrs: 0x1
[    2.532365]   Magic number: 11:890:134
[    2.534421] pci 0000:00:03.0: hash matches
[    2.537741] rtc_cmos rtc_cmos: setting system clock to 2019-03-02 16:07:03 UTC (1551542823)
[    2.545172] BIOS EDD facility v0.16 2004-Jun-25, 0 devices found
[    2.548629] EDD information not available.
[    2.566045] Freeing unused kernel memory: 2408K
[    2.620244] Write protecting the kernel read-only data: 20480k
[    2.631229] Freeing unused kernel memory: 2008K
[    2.642517] Freeing unused kernel memory: 1892K
[    2.663972] x86/mm: Checked W+X mappings: passed, no W+X pages found.
Loading, please wait...
starting version 237
[    2.865263] e1000: Intel(R) PRO/1000 Network Driver - version 7.3.21-k8-NAPI
[    2.869505] e1000: Copyright (c) 1999-2006 Intel Corporation.
[    2.876654] Fusion MPT base driver 3.04.20
[    2.877581] Copyright (c) 1999-2008 LSI Corporation
[    2.899452] Fusion MPT SPI Host driver 3.04.20
[    3.054648] AVX2 version of gcm_enc/dec engaged.
[    3.059115] AES CTR mode by8 optimization enabled
[    3.116093] input: ImExPS/2 Generic Explorer Mouse as /devices/platform/i8042/serio1/input/input4
[    3.523265] e1000 0000:00:03.0 eth0: (PCI:33MHz:32-bit) 02:28:d9:ae:eb:85
[    3.526218] e1000 0000:00:03.0 eth0: Intel(R) PRO/1000 Network Connection
[    3.532493] mptbase: ioc0: Initiating bringup
[    3.561826] e1000 0000:00:03.0 enp0s3: renamed from eth0
[    4.146092] ioc0: LSI53C1030 A0: Capabilities={Initiator}
[    4.407181] scsi host2: ioc0: LSI53C1030 A0, FwRev=00000000h, Ports=1, MaxQ=256, IRQ=20
[    5.301151] scsi 2:0:0:0: Direct-Access     VBOX     HARDDISK         1.0  PQ: 0 ANSI: 5
[    5.340215] scsi target2:0:0: Beginning Domain Validation
[    5.342890] scsi target2:0:0: Domain Validation skipping write tests
[    5.344016] scsi target2:0:0: Ending Domain Validation
[    5.345453] scsi target2:0:0: asynchronous
[    5.350885] scsi 2:0:1:0: Direct-Access     VBOX     HARDDISK         1.0  PQ: 0 ANSI: 5
[    5.444043] scsi target2:0:1: Beginning Domain Validation
[    5.448449] random: fast init done
[    5.451033] scsi target2:0:1: Domain Validation skipping write tests
[    5.464602] scsi target2:0:1: Ending Domain Validation
[    5.827929] scsi target2:0:1: asynchronous
[    6.377109] random: systemd-udevd: uninitialized urandom read (16 bytes read)
[    6.377237] sd 2:0:0:0: Attached scsi generic sg0 type 0
[    6.377450] sd 2:0:1:0: Attached scsi generic sg1 type 0
[    6.379895] sd 2:0:0:0: [sda] 20971520 512-byte logical blocks: (10.7 GB/10.0 GiB)
[    6.379941] sd 2:0:0:0: [sda] Write Protect is off
[    6.380087] sd 2:0:0:0: [sda] Incomplete mode parameter data
[    6.380088] sd 2:0:0:0: [sda] Assuming drive cache: write through
[    6.402883]  sda: sda1
[    6.403657] sd 2:0:1:0: [sdb] 20480 512-byte logical blocks: (10.5 MB/10.0 MiB)
[    6.403704] sd 2:0:1:0: [sdb] Write Protect is off
[    6.403820] sd 2:0:1:0: [sdb] Incomplete mode parameter data
[    6.403821] sd 2:0:1:0: [sdb] Assuming drive cache: write through
[    6.403884] sd 2:0:0:0: [sda] Attached SCSI disk
[    6.426811] sd 2:0:1:0: [sdb] Attached SCSI disk
[    6.463134] random: systemd-udevd: uninitialized urandom read (16 bytes read)
[    6.466630] random: systemd-udevd: uninitialized urandom read (16 bytes read)
Begin: Loading essential drivers ... [    8.174792] raid6: sse2x1   gen()  7293 MB/s
[    8.220010] raid6: sse2x1   xor()  3440 MB/s
[    8.288054] raid6: sse2x2   gen()  7215 MB/s
[    8.340019] raid6: sse2x2   xor()  6105 MB/s
[    8.408027] raid6: sse2x4   gen()  5726 MB/s
[    8.484014] raid6: sse2x4   xor()  4129 MB/s
[    8.540028] raid6: avx2x1   gen()  7959 MB/s
[    8.616018] raid6: avx2x1   xor()  6320 MB/s
[    8.696015] raid6: avx2x2   gen()  9269 MB/s
[    8.760021] raid6: avx2x2   xor()  6894 MB/s
[    8.848030] raid6: avx2x4   gen()  3661 MB/s
[    8.916022] raid6: avx2x4   xor()  4509 MB/s
[    8.932333] raid6: using algorithm avx2x2 gen() 9269 MB/s
[    8.976168] raid6: .... xor() 6894 MB/s, rmw enabled
[    8.984703] raid6: using avx2x2 recovery algorithm
[    9.009901] xor: automatically using best checksumming function   avx       
[    9.017810] async_tx: api initialized (async)
done.
Begin: Running /scripts/init-premount ... done.
Begin: Mounting root file system ... Begin: Running /scripts/local-top ... done.
Begin: Running /scripts/local-premount ... [    9.141221] Btrfs loaded, crc32c=crc32c-intel
Scanning for Btrfs filesystems
done.
Warning: fsck not present, so skipping root file system
[    9.253398] EXT4-fs (sda1): mounted filesystem with ordered data mode. Opts: (null)
done.
Begin: Running /scripts/local-bottom ... done.
Begin: Running /scripts/init-bottom ... done.
[   12.890093] ip_tables: (C) 2000-2006 Netfilter Core Team
[   12.968226] random: crng init done
[   12.969825] random: 7 urandom warning(s) missed due to ratelimiting
[   13.110428] systemd[1]: systemd 237 running in system mode. (+PAM +AUDIT +SELINUX +IMA +APPARMOR +SMACK +SYSVINIT +UTMP +LIBCRYPTSETUP +GCRYPT +GNUTLS +ACL +XZ +LZ4 +SECCOMP +BLKID +ELFUTILS +KMOD -IDN2 +IDN -PCRE2 default-hierarchy=hybrid)
[   14.486501] systemd[1]: Detected virtualization oracle.
[   14.533107] systemd[1]: Detected architecture x86-64.

Welcome to [1mUbuntu 18.04.2 LTS[0m!

[   15.085601] systemd[1]: Set hostname to <ubuntu-bionic>.
[   20.086003] systemd[1]: Set up automount Arbitrary Executable File Formats File System Automount Point.
[[0;32m  OK  [0m] Set up automount Arbitrary Executab…rmats File System Automount Point.
[   20.102308] systemd[1]: Reached target User and Group Name Lookups.
[[0;32m  OK  [0m] Reached target User and Group Name Lookups.
[   20.150056] systemd[1]: Created slice System Slice.
[[0;32m  OK  [0m] Created slice System Slice.
[   20.180633] systemd[1]: Listening on Syslog Socket.
[[0;32m  OK  [0m] Listening on Syslog Socket.
[   20.241117] systemd[1]: Created slice system-serial\x2dgetty.slice.
[[0;32m  OK  [0m] Created slice system-serial\x2dgetty.slice.
[   20.260942] systemd[1]: Listening on /dev/initctl Compatibility Named Pipe.
[[0;32m  OK  [0m] Listening on /dev/initctl Compatibility Named Pipe.
[   20.300474] systemd[1]: Listening on udev Control Socket.
[[0;32m  OK  [0m] Listening on udev Control Socket.
[   20.316538] systemd[1]: Listening on Journal Socket (/dev/log).
[[0;32m  OK  [0m] Listening on Journal Socket (/dev/log).
[   20.330871] systemd[1]: Listening on LVM2 metadata daemon socket.
[[0;32m  OK  [0m] Listening on LVM2 metadata daemon socket.
[   20.340272] systemd[1]: Listening on Journal Socket.
[[0;32m  OK  [0m] Listening on Journal Socket.
         Starting Load Kernel Modules...
         Starting Set the console keyboard layout...
         Mounting Kernel Debug File System...
[[0;32m  OK  [0m] Reached target System Time Synchronized.
[[0;32m  OK  [0m] Listening on Device-mapper event daemon FIFOs.
         Starting Monitoring of LVM2 mirrors…ng dmeventd or progress polling...
[[0;32m  OK  [0m] Listening on udev Kernel Socket.
[[0;32m  OK  [0m] Listening on Journal Audit Socket.
         Starting Journal Service...
         Mounting Huge Pages File System...
[   20.823596] Loading iSCSI transport class v2.0-870.
[[0;32m  OK  [0m] Reached target Swap.
         Starting udev Coldplug all Devices...
         Starting Create list of required st…ce nodes for the current kernel...
[[0;32m  OK  [0m] Listening on Network Service Netlink Socket.
         Mounting POSIX Message Queue File System...
         Starting Uncomplicated firewall...
[[0;32m  OK  [0m] Created slic[   21.299862] iscsi: registered transport (tcp)
e User and Session Slice.
         Starting Remount Root and Kernel File Systems...
[[0;32m  OK  [0m] Started Forward Password Requests to Wall Directory Watch.
[[0;32m  OK  [0m] Listening on LVM2 poll daemon socket.
[[0;32m  OK  [0m] Reached target Slices.
[[0;32m  OK  [0m] Started Journal Service.
[[0;32m  OK  [0m] Started udev Coldplug all Devices.
[[0;32m  OK  [0m] Started Uncomplicated firewall.
[[0;32m  OK  [0m] Started Create list of required sta…vice nodes for the current kernel.
         Starting Create Static Device Nodes in /dev...
[[0;32m  OK  [0m] Started Create Static Device Nodes in /dev.
[   22.100594] iscsi: registered transport (iser)
[[0;32m  OK  [0m] Started Load Kernel Modules.
         Mounting FUSE Control File System...
         Mounting Kernel Configuration File System...
         Starting Apply Kernel Variables...
[[0;32m  OK  [0m] Mounted Kernel Debug File Sys[   22.190019] EXT4-fs (sda1): re-mounted. Opts: (null)
tem.
[[0;32m  OK  [0m] Mounted Huge Pages File System.
[[0;32m  OK  [0m] Mounted POSIX Message Queue File System.
[[0;32m  OK  [0m] Started Remount Root and Kernel File Systems.
[[0;32m  OK  [0m] Mounted FUSE Control File System.
[[0;32m  OK  [0m] Mounted Kernel Configuration File System.
         Starting udev Kernel Device Manager...
         Starting Flush Journal to Persistent Storage...
         Starting Load/Save Random Seed...
         Starting Initial cloud-init job (pre-networking)...
[[0;32m  OK  [0m] Started Apply Kernel Variables.
[[0;32m  OK  [0m] Started LVM2 metadata daemon.
[[0;32m  OK  [0m] Started Set the console keyboard layout.
[[0;32m  OK  [0m] Started Load/Save Random Seed.
[[0;32m  OK  [0m] Started Monitoring of LVM2 mirrors,…sing dmeventd or progress polling.
[[0;32m  OK  [0m] Started udev Kernel Device Manager.
[[0;32m  OK  [0m] Started Dispatch Password Requests to Console Directory Watch.
[[0;32m  OK  [0m] Reached target Local Encrypted Volumes.
[[0;32m  OK  [0m] Reached target Local File Systems (Pre).
[[0;32m  OK  [0m] Reached target Local File Systems.
         Starting Set console font and keymap...
         Starting AppArmor initialization...
         Starting ebtables ruleset management...
         Starting Tell Plymouth To Write Out Runtime Data...
[[0;32m  OK  [0m] Started Tell Plymouth To Write Out Runtime Data.
[[0;32m  OK  [0m] Started Set console font and keymap.
[[0;32m  OK  [0m] Found device /dev/ttyS0.
[[0;32m  OK  [0m] Started ebtables ruleset management.
[[0;32m  OK  [0m] Listening on Load/Save RF Kill Switch Status /dev/rfkill Watch.
[[0;32m  OK  [0m] Started AppArmor initialization.
[[0;32m  OK  [0m] Started Flush Journal to Persistent Storage.
         Starting Create Volatile Files and Directories...
[[0;32m  OK  [0m] Started Create Volatile Files and Directories.
         Starting Update UTMP about System Boot/Shutdown...
[[0;32m  OK  [0m] Started Update UTMP about System Boot/Shutdown.
[   38.379237] cloud-init[422]: Cloud-init v. 18.4-0ubuntu1~18.04.1 running 'init-local' at Sat, 02 Mar 2019 16:07:38 +0000. Up 37.19 seconds.
[[0;32m  OK  [0m] Started Initial cloud-init job (pre-networking).
[[0;32m  OK  [0m] Reached target Network (Pre).
         Starting Network Service...
[[0;32m  OK  [0m] Started Network Service.
         Starting Wait for Network to be Configured...
         Starting Network Name Resolution...
[[0;32m  OK  [0m] Started Network Name Resolution.
[[0;32m  OK  [0m] Reached target Host and Network Name Lookups.
[[0;32m  OK  [0m] Reached target Network.
[[0;32m  OK  [0m] Started Wait for Network to be Configured.
         Starting Initial cloud-init job (metadata service crawler)...
[   42.021950] cloud-init[689]: Cloud-init v. 18.4-0ubuntu1~18.04.1 running 'init' at Sat, 02 Mar 2019 16:07:42 +0000. Up 41.64 seconds.
[   42.076570] cloud-init[689]: ci-info: ++++++++++++++++++++++++++++++++++++++Net device info++++++++++++++++++++++++++++++++++++++
[   42.102262] cloud-init[689]: ci-info: +--------+------+----------------------------+---------------+--------+-------------------+
[   42.152492] cloud-init[689]: ci-info: | Device |  Up  |          Address           |      Mask     | Scope  |     Hw-Address    |
[   42.200483] cloud-init[689]: ci-info: +--------+------+----------------------------+---------------+--------+-------------------+
[   42.248408] cloud-init[689]: ci-info: | enp0s3 | True |         10.0.2.15          | 255.255.255.0 | global | 02:28:d9:ae:eb:85 |
[   42.264131] cloud-init[689]: ci-info: | enp0s3 | True | fe80::28:d9ff:feae:eb85/64 |       .       |  link  | 02:28:d9:ae:eb:85 |
[   42.274250] cloud-init[689]: ci-info: |   lo   | True |         127.0.0.1          |   255.0.0.0   |  host  |         .         |
[   42.299612] cloud-init[689]: ci-info: |   lo   | True |          ::1/128           |       .       |  host  |         .         |
[   42.308399] cloud-init[689]: ci-info: +--------+------+----------------------------+---------------+--------+-------------------+
[   42.324588] cloud-init[689]: ci-info: ++++++++++++++++++++++++++++Route IPv4 info+++++++++++++++++++++++++++++
[   42.331297] cloud-init[689]: ci-info: +-------+-------------+----------+-----------------+-----------+-------+
[   42.347053] cloud-init[689]: ci-info: | Route | Destination | Gateway  |     Genmask     | Interface | Flags |
[   42.363217] cloud-init[689]: ci-info: +-------+-------------+----------+-----------------+-----------+-------+
[   42.371163] cloud-init[689]: ci-info: |   0   |   0.0.0.0   | 10.0.2.2 |     0.0.0.0     |   enp0s3  |   UG  |
[   42.380804] cloud-init[689]: ci-info: |   1   |   10.0.2.0  | 0.0.0.0  |  255.255.255.0  |   enp0s3  |   U   |
[   42.438795] cloud-init[689]: ci-info: |   2   |   10.0.2.2  | 0.0.0.0  | 255.255.255.255 |   enp0s3  |   UH  |
[   42.476450] cloud-init[689]: ci-info: +-------+-------------+----------+-----------------+-----------+-------+
[   42.560407] cloud-init[689]: ci-info: +++++++++++++++++++Route IPv6 info+++++++++++++++++++
[   42.605418] cloud-init[689]: ci-info: +-------+-------------+---------+-----------+-------+
[   42.623965] cloud-init[689]: ci-info: | Route | Destination | Gateway | Interface | Flags |
[   42.631637] cloud-init[689]: ci-info: +-------+-------------+---------+-----------+-------+
[   42.643166] cloud-init[689]: ci-info: |   1   |  fe80::/64  |    ::   |   enp0s3  |   U   |
[   42.668503] cloud-init[689]: ci-info: |   3   |    local    |    ::   |   enp0s3  |   U   |
[   42.688688] cloud-init[689]: ci-info: |   4   |   ff00::/8  |    ::   |   enp0s3  |   U   |
[   42.744403] cloud-init[689]: ci-info: +-------+-------------+---------+-----------+-------+
[[0;32m  OK  [0m] Started Initial cloud-init job (metadata service crawler).
[[0;32m  OK  [0m] Reached target Cloud-config availability.
[[0;32m  OK  [0m] Reached target System Initialization.
         Starting LXD - unix socket.
[[0;32m  OK  [0m] Started ACPI Events Check.
[[0;32m  OK  [0m] Started Daily Cleanup of Temporary Directories.
[[0;32m  OK  [0m] Listening on UUID daemon activation socket.
[[0;32m  OK  [0m] Listening on D-Bus System Message Bus Socket.
[[0;32m  OK  [0m] Started Message of the Day.
[[0;32m  OK  [0m] Reached target Paths.
[[0;32m  OK  [0m] Listening on ACPID Listen Socket.
[[0;32m  OK  [0m] Started Clean PHP session files every 30 mins.
[[0;32m  OK  [0m] Listening on Open-iSCSI iscsid Socket.
[[0;32m  OK  [0m] Started Daily apt download activities.
[[0;32m  OK  [0m] Started Daily apt upgrade and clean activities.
[[0;32m  OK  [0m] Started Discard unused blocks once a week.
[[0;32m  OK  [0m] Reached target Timers.
         Starting Socket activation for snappy daemon.
[[0;32m  OK  [0m] Reached target Network is Online.
[[0;32m  OK  [0m] Reached target Remote File Systems (Pre).
[[0;32m  OK  [0m] Reached target Remote File Systems.
         Starting Availability of block devices...
[[0;32m  OK  [0m] Listening on LXD - unix socket.
[[0;32m  OK  [0m] Listening on Socket activation for snappy daemon.
[[0;32m  OK  [0m] Started Availability of block devices.
[[0;32m  OK  [0m] Reached target Sockets.
[[0;32m  OK  [0m] Reached target Basic System.
         Starting LSB: automatic crash report generation...
         Starting Virtualbox guest utils...
         Starting LSB: Record successful boot for GRUB...
         Starting Accounts Service...
         Starting Dispatcher daemon for systemd-networkd...
[[0;32m  OK  [0m] Started irqbalance daemon.
         Starting Login Service...
         Starting System Logging Service...
         Starting The Apache HTTP Server...
         Starting Permit User Sessions...
[[0;32m  OK  [0m] Started FUSE filesystem for LXC.
         Starting MariaDB 10.3.12 database server...
         Starting OpenBSD Secure Shell server...
[[0;32m  OK  [0m] Started D-Bus System Message Bus.
[[0;32m  OK  [0m] Started Login Service.
[[0;32m  OK  [0m] Started Unattended Upgrades Shutdown.
[[0;32m  OK  [0m] Started Deferred execution scheduler.
[[0;32m  OK  [0m] Started Regular background program processing daemon.
         Starting Snappy daemon...
         Starting LXD - container startup/shutdown...
[[0;32m  OK  [0m] Started System Logging Service.
[[0;32m  OK  [0m] Started Permit User Sessions.
[[0;32m  OK  [0m] Started Dispatcher daemon for systemd-networkd.
         Starting Authorization Manager...
         Starting Hold until boot process finishes up...
         Starting Terminate Plymouth Boot Screen...
[[0;32m  OK  [0m] Started OpenBSD Secure Shell server.
[[0;32m  OK  [0m] Started LSB: automatic crash report generation.
[[0;32m  OK  [0m] Started Hold until boot process finishes up.
[[0;32m  OK  [0m] Started Serial Getty on ttyS0.
         Starting Set console scheme...
[[0;32m  OK  [0m] Started Terminate Plymouth Boot Screen.
[[0;32m  OK  [0m] Started Set console scheme.
[[0;32m  OK  [0m] Created slice system-getty.slice.
[[0;32m  OK  [0m] Started Getty on tty1.
[[0;32m  OK  [0m] Reached target Login Prompts.
[[0;32m  OK  [0m] Started Authorization Manager.
[[0;32m  OK  [0m] Started Accounts Service.
[[0;32m  OK  [0m] Started LSB: Record successful boot for GRUB.
[[0;32m  OK  [0m] Started Virtualbox guest utils.
[[0;32m  OK  [0m] Created slice User Slice of vagrant.
         Starting User Manager for UID 1000...
[[0;32m  OK  [0m] Started Session 1 of user vagrant.
[[0;32m  OK  [0m] Started Snappy daemon.
         Starting Wait until snapd is fully seeded...
[[0;32m  OK  [0m] Started Wait until snapd is fully seeded.
         Starting Apply the settings specified in cloud-config...
[[0;32m  OK  [0m] Started The Apache HTTP Server.
[[0;32m  OK  [0m] Started User Manager for UID 1000.

Ubuntu 18.04.2 LTS ubuntu-bionic ttyS0

ubuntu-bionic login: [   56.530602] cloud-init[1325]: Cloud-init v. 18.4-0ubuntu1~18.04.1 running 'modules:config' at Sat, 02 Mar 2019 16:07:53 +0000. Up 52.94 seconds.
[   63.995960] cloud-init[1771]: Cloud-init v. 18.4-0ubuntu1~18.04.1 running 'modules:final' at Sat, 02 Mar 2019 16:08:04 +0000. Up 63.52 seconds.
[   63.996682] cloud-init[1771]: Cloud-init v. 18.4-0ubuntu1~18.04.1 finished at Sat, 02 Mar 2019 16:08:04 +0000. Datasource DataSourceNoCloud [seed=/dev/sdb][dsmode=net].  Up 63.97 seconds
